Lab/android/src/app/app/build/outputs/logs/manifest-merger-debug-report.txt
-- Merging decision tree log ---
manifest
ADDED from src\main\AndroidManifest.xml:2:1-37:12
	package
		ADDED from src\main\AndroidManifest.xml:3:2-38
		INJECTED from src\main\AndroidManifest.xml
		INJECTED from src\main\AndroidManifest.xml
	android:versionName
		ADDED from src\main\AndroidManifest.xml:4:2-27
		INJECTED from src\main\AndroidManifest.xml
		INJECTED from src\main\AndroidManifest.xml
	android:versionCode
		ADDED from src\main\AndroidManifest.xml:3:39-62
		INJECTED from src\main\AndroidManifest.xml
		INJECTED from src\main\AndroidManifest.xml
	xmlns:android
		ADDED from src\main\AndroidManifest.xml:2:11-69
uses-sdk
ADDED from src\main\AndroidManifest.xml:6:2-71
	android:targetSdkVersion
		ADDED from src\main\AndroidManifest.xml:6:39-68
		INJECTED from src\main\AndroidManifest.xml
		INJECTED from src\main\AndroidManifest.xml
	android:minSdkVersion
		ADDED from src\main\AndroidManifest.xml:6:12-38
		INJECTED from src\main\AndroidManifest.xml
		INJECTED from src\main\AndroidManifest.xml
application
ADDED from src\main\AndroidManifest.xml:8:2-36:16
	android:label
		ADDED from src\main\AndroidManifest.xml:9:3-35
	android:icon
		ADDED from src\main\AndroidManifest.xml:8:15-59
	android:theme
		ADDED from src\main\AndroidManifest.xml:9:36-83
uses-library#android.hardware.usb
ADDED from src\main\AndroidManifest.xml:10:3-55
	android:name
		ADDED from src\main\AndroidManifest.xml:10:17-52
activity#com.google.android.DemoKit.DemoKitLaunch
ADDED from src\main\AndroidManifest.xml:11:3-16:14
	android:label
		ADDED from src\main\AndroidManifest.xml:11:43-75
	android:name
		ADDED from src\main\AndroidManifest.xml:11:13-42
intent-filter#android.intent.action.MAIN+android.intent.category.LAUNCHER
ADDED from src\main\AndroidManifest.xml:12:4-15:20
action#android.intent.action.MAIN
ADDED from src\main\AndroidManifest.xml:13:5-57
	android:name
		ADDED from src\main\AndroidManifest.xml:13:13-54
category#android.intent.category.LAUNCHER
ADDED from src\main\AndroidManifest.xml:14:5-65
	android:name
		ADDED from src\main\AndroidManifest.xml:14:15-62
activity#com.google.android.DemoKit.DemoKitActivity
ADDED from src\main\AndroidManifest.xml:17:3-19:14
	android:screenOrientation
		ADDED from src\main\AndroidManifest.xml:18:4-40
	android:label
		ADDED from src\main\AndroidManifest.xml:17:45-77
	android:name
		ADDED from src\main\AndroidManifest.xml:17:13-44
activity#com.google.android.DemoKit.DemoKitPhone
ADDED from src\main\AndroidManifest.xml:20:3-22:14
	android:screenOrientation
		ADDED from src\main\AndroidManifest.xml:21:4-40
	android:label
		ADDED from src\main\AndroidManifest.xml:20:42-74
	android:name
		ADDED from src\main\AndroidManifest.xml:20:13-41
activity#com.google.android.DemoKit.DemoKitTablet
ADDED from src\main\AndroidManifest.xml:23:3-25:14
	android:screenOrientation
		ADDED from src\main\AndroidManifest.xml:24:4-41
	android:label
		ADDED from src\main\AndroidManifest.xml:23:43-75
	android:theme
		ADDED from src\main\AndroidManifest.xml:24:42-83
	android:name
		ADDED from src\main\AndroidManifest.xml:23:13-42
activity#com.google.android.DemoKit.UsbAccessoryActivity
ADDED from src\main\AndroidManifest.xml:26:3-34:14
	android:label
		ADDED from src\main\AndroidManifest.xml:26:49-72
	android:launchMode
		ADDED from src\main\AndroidManifest.xml:27:28-63
	android:taskAffinity
		ADDED from src\main\AndroidManifest.xml:27:4-27
	android:name
		ADDED from src\main\AndroidManifest.xml:26:13-48
intent-filter#android.hardware.usb.action.USB_ACCESSORY_ATTACHED
ADDED from src\main\AndroidManifest.xml:28:4-30:20
action#android.hardware.usb.action.USB_ACCESSORY_ATTACHED
ADDED from src\main\AndroidManifest.xml:29:5-81
	android:name
		ADDED from src\main\AndroidManifest.xml:29:13-78
meta-data#android.hardware.usb.action.USB_ACCESSORY_ATTACHED
ADDED from src\main\AndroidManifest.xml:32:4-33:48
	android:resource
		ADDED from src\main\AndroidManifest.xml:33:5-45
	android:name
		ADDED from src\main\AndroidManifest.xml:32:15-80